$ biome check src/
src/env.ts format в”Ѓв”Ѓв”Ѓв”Ѓв”Ѓв”Ѓв”Ѓв”Ѓв”Ѓв”Ѓв”Ѓв”Ѓв”Ѓв”Ѓв”Ѓв”Ѓв”Ѓв”Ѓв”Ѓв”Ѓв”Ѓв”Ѓв”Ѓв”Ѓв”Ѓв”Ѓв”Ѓв”Ѓв”Ѓв”Ѓв”Ѓв”Ѓв”Ѓв”Ѓв”Ѓв”Ѓв”Ѓв”Ѓв”Ѓв”Ѓв”Ѓв”Ѓв”Ѓв”Ѓв”Ѓв”Ѓв”Ѓв”Ѓв”Ѓв”Ѓв”Ѓв”Ѓв”Ѓв”Ѓв”Ѓв”Ѓв”Ѓв”Ѓв”Ѓв”Ѓв”Ѓв”Ѓв”Ѓв”Ѓв”Ѓв”Ѓв”Ѓв”Ѓв”Ѓв”Ѓв”Ѓв”Ѓв”Ѓв”Ѓв”Ѓв”Ѓв”Ѓв”Ѓв”Ѓв”Ѓв”Ѓв”Ѓ

  Г— Formatter would have printed the following content:
  
    10 10 в”‚   
    11 11 в”‚   if (env.NODE_ENV === "production" && env.CORS_ORIGINS === "*") {
    12    в”‚ - в†’ console.warn("[security]В·CORS_ORIGINSВ·isВ·setВ·toВ·'*'В·inВ·productionВ·вЂ”В·restrictВ·toВ·specificВ·origins");
       12 в”‚ + в†’ console.warn(
       13 в”‚ + в†’ в†’ "[security]В·CORS_ORIGINSВ·isВ·setВ·toВ·'*'В·inВ·productionВ·вЂ”В·restrictВ·toВ·specificВ·origins",
       14 в”‚ + в†’ );
    13 15 в”‚   }
    14 16 в”‚   
  

src/lib/permissions/constants.ts format в”Ѓв”Ѓв”Ѓв”Ѓв”Ѓв”Ѓв”Ѓв”Ѓв”Ѓв”Ѓв”Ѓв”Ѓв”Ѓв”Ѓв”Ѓв”Ѓв”Ѓв”Ѓв”Ѓв”Ѓв”Ѓв”Ѓв”Ѓв”Ѓв”Ѓв”Ѓв”Ѓв”Ѓв”Ѓв”Ѓв”Ѓв”Ѓв”Ѓв”Ѓв”Ѓв”Ѓв”Ѓв”Ѓв”Ѓв”Ѓв”Ѓв”Ѓв”Ѓв”Ѓв”Ѓв”Ѓв”Ѓв”Ѓв”Ѓв”Ѓв”Ѓв”Ѓв”Ѓв”Ѓв”Ѓв”Ѓв”Ѓв”Ѓв”Ѓв”Ѓ

  Г— Formatter would have printed the following content:
  
     15  15 в”‚   
     16  16 в”‚   export const PLATFORM_ROLES = {
     17     в”‚ - в†’ admin:В·[
     18     в”‚ - в†’ в†’ "user.list",
     19     в”‚ - в†’ в†’ "user.read",
     20     в”‚ - в†’ в†’ "user.ban",
     21     в”‚ - в†’ в†’ "user.delete",
     22     в”‚ - в†’ в†’ "user.set-role",
     23     в”‚ - в†’ в†’ "user.impersonate",
     24     в”‚ - в†’ ],
         17 в”‚ + в†’ admin:В·["user.list",В·"user.read",В·"user.ban",В·"user.delete",В·"user.set-role",В·"user.impersonate"],
     25  18 в”‚   	user: [],
     26  19 в”‚   } as const satisfies Record<string, readonly PlatformPermission[]>;
    В·В·В·В·В·В·В· в”‚ 
    103  96 в”‚   // ---------------------------------------------------------------------------
    104  97 в”‚   
    105     в”‚ - exportВ·functionВ·platformRoleHasPermission(
    106     в”‚ - в†’ role:В·string,
    107     в”‚ - в†’ permission:В·PlatformPermission,
    108     в”‚ - ):В·booleanВ·{
         98 в”‚ + exportВ·functionВ·platformRoleHasPermission(role:В·string,В·permission:В·PlatformPermission):В·booleanВ·{
    109  99 в”‚   	const permissions = PLATFORM_ROLES[role as PlatformRole];
    110 100 в”‚   	if (!permissions) return false;
    В·В·В·В·В·В·В· в”‚ 
    112 102 в”‚   }
    113 103 в”‚   
    114     в”‚ - exportВ·functionВ·accountRoleHasPermission(
    115     в”‚ - в†’ role:В·string,
    116     в”‚ - в†’ permission:В·AccountPermission,
    117     в”‚ - ):В·booleanВ·{
        104 в”‚ + exportВ·functionВ·accountRoleHasPermission(role:В·string,В·permission:В·AccountPermission):В·booleanВ·{
    118 105 в”‚   	const permissions = ACCOUNT_ROLES[role as AccountRole];
    119 106 в”‚   	if (!permissions) return false;
  

src/middleware/permissions.ts:192:5 lint/style/useTemplate  FIXABLE  в”Ѓв”Ѓв”Ѓв”Ѓв”Ѓв”Ѓв”Ѓв”Ѓв”Ѓв”Ѓв”Ѓв”Ѓв”Ѓв”Ѓв”Ѓв”Ѓв”Ѓв”Ѓв”Ѓв”Ѓв”Ѓв”Ѓв”Ѓв”Ѓв”Ѓв”Ѓв”Ѓв”Ѓв”Ѓв”Ѓв”Ѓ

  Г— Template literals are preferred over string concatenation.
  
    190 в”‚ 			//   return tx?.accountId ?? null;
    191 в”‚ 			throw new Error(
  > 192 в”‚ 				`Account ID lookup from "${source.table}" table is not yet implemented. ` +
        в”‚ 				^^^^^^^^^^^^^^^^^^^^^^^^^^^^^^^^^^^^^^^^^^^^^^^^^^^^^^^^^^^^^^^^^^^^^^^^^^^
  > 193 в”‚ 					"Requires financial_account and related tables.",
        в”‚ 					^^^^^^^^^^^^^^^^^^^^^^^^^^^^^^^^^^^^^^^^^^^^^^^^
    194 в”‚ 			);
    195 в”‚ 	}
  
  i Unsafe fix: Use a template literal.
  
    190 190 в”‚   			//   return tx?.accountId ?? null;
    191 191 в”‚   			throw new Error(
    192     в”‚ - в†’ в†’ в†’ в†’ `AccountВ·IDВ·lookupВ·fromВ·"${source.table}"В·tableВ·isВ·notВ·yetВ·implemented.В·`В·+
    193     в”‚ - в†’ в†’ в†’ в†’ в†’ "RequiresВ·financial_accountВ·andВ·relatedВ·tables.",
        192 в”‚ + в†’ в†’ в†’ в†’ `AccountВ·IDВ·lookupВ·fromВ·"${source.table}"В·tableВ·isВ·notВ·yetВ·implemented.В·RequiresВ·financial_accountВ·andВ·relatedВ·tables.`,
    194 193 в”‚   			);
    195 194 в”‚   	}
  

src/middleware/permissions.ts:8:8 lint/style/useImportType  FIXABLE  в”Ѓв”Ѓв”Ѓв”Ѓв”Ѓв”Ѓв”Ѓв”Ѓв”Ѓв”Ѓв”Ѓв”Ѓв”Ѓв”Ѓв”Ѓв”Ѓв”Ѓв”Ѓв”Ѓв”Ѓв”Ѓв”Ѓв”Ѓв”Ѓв”Ѓв”Ѓв”Ѓв”Ѓв”Ѓв”Ѓв”Ѓ

  Г— Some named imports are only used as types.
  
     6 в”‚ 	PlatformPermission,
     7 в”‚ } from "@/lib/permissions/constants";
   > 8 в”‚ import {
       в”‚        ^
   > 9 в”‚ 	ACCOUNT_ROLES,
  > 10 в”‚ 	PLATFORM_ROLES,
  > 11 в”‚ 	accountRoleHasPermission,
  > 12 в”‚ 	platformRoleHasPermission,
  > 13 в”‚ } from "@/lib/permissions/constants";
       в”‚ ^^^^^^^^^^^^^^^^^^^^^^^^^^^^^^^^^^^^
    14 в”‚ import type { AuthVariables } from "./auth";
    15 в”‚ 
  
  i This import is only used as a type.
  
     8 в”‚ import {
     9 в”‚ 	ACCOUNT_ROLES,
  > 10 в”‚ 	PLATFORM_ROLES,
       в”‚ 	^^^^^^^^^^^^^^
    11 в”‚ 	accountRoleHasPermission,
    12 в”‚ 	platformRoleHasPermission,
  
  i Importing the types with import type ensures that they are removed by the compilers and avoids loading unnecessary modules.
  
  i Safe fix: Add inline type keywords.
  
    10 в”‚ в†’ typeВ·PLATFORM_ROLES,
       в”‚   +++++               

src/middleware/permissions.ts organizeImports в”Ѓв”Ѓв”Ѓв”Ѓв”Ѓв”Ѓв”Ѓв”Ѓв”Ѓв”Ѓв”Ѓв”Ѓв”Ѓв”Ѓв”Ѓв”Ѓв”Ѓв”Ѓв”Ѓв”Ѓв”Ѓв”Ѓв”Ѓв”Ѓв”Ѓв”Ѓв”Ѓв”Ѓв”Ѓв”Ѓв”Ѓв”Ѓв”Ѓв”Ѓв”Ѓв”Ѓв”Ѓв”Ѓв”Ѓв”Ѓв”Ѓв”Ѓв”Ѓв”Ѓв”Ѓв”Ѓв”Ѓв”Ѓв”Ѓв”Ѓв”Ѓв”Ѓв”Ѓв”Ѓ

  Г— Import statements could be sorted:
  
      1     в”‚ - importВ·typeВ·{В·ContextВ·}В·fromВ·"hono";
      2     в”‚ - importВ·{В·createMiddlewareВ·}В·fromВ·"hono/factory";
      3     в”‚ - importВ·typeВ·{
          1 в”‚ + importВ·typeВ·{
      4   2 в”‚   	AccountPermission,
      5   3 в”‚   	AccountRole,
    В·В·В·В·В·В·В· в”‚ 
     12  10 в”‚   	platformRoleHasPermission,
     13  11 в”‚   } from "@/lib/permissions/constants";
     14     в”‚ - importВ·typeВ·{В·AuthVariablesВ·}В·fromВ·"./auth";
         12 в”‚ + importВ·typeВ·{В·ContextВ·}В·fromВ·"hono";
         13 в”‚ + importВ·{В·createMiddlewareВ·}В·fromВ·"hono/factory";
         14 в”‚ + importВ·typeВ·{В·AuthVariablesВ·}В·fromВ·"./auth";
     15  15 в”‚   
     16  16 в”‚   // ---------------------------------------------------------------------------
  

src/middleware/permissions.ts format в”Ѓв”Ѓв”Ѓв”Ѓв”Ѓв”Ѓв”Ѓв”Ѓв”Ѓв”Ѓв”Ѓв”Ѓв”Ѓв”Ѓв”Ѓв”Ѓв”Ѓв”Ѓв”Ѓв”Ѓв”Ѓв”Ѓв”Ѓв”Ѓв”Ѓв”Ѓв”Ѓв”Ѓв”Ѓв”Ѓв”Ѓв”Ѓв”Ѓв”Ѓв”Ѓв”Ѓв”Ѓв”Ѓв”Ѓв”Ѓв”Ѓв”Ѓв”Ѓв”Ѓв”Ѓв”Ѓв”Ѓв”Ѓв”Ѓв”Ѓв”Ѓв”Ѓв”Ѓв”Ѓв”Ѓв”Ѓв”Ѓв”Ѓв”Ѓв”Ѓв”Ѓв”Ѓв”Ѓ

  Г— Formatter would have printed the following content:
  
     92  92 в”‚   	source: AccountIdSource = { from: "param", name: "id" },
     93  93 в”‚   ) {
     94     в”‚ - в†’ returnВ·createMiddleware<{В·Variables:В·AccountPermissionVariablesВ·}>(
     95     в”‚ - в†’ в†’ asyncВ·(c,В·next)В·=>В·{
     96     в”‚ - в†’ в†’ в†’ constВ·userВ·=В·c.get("user");
     97     в”‚ - в†’ в†’ в†’ ifВ·(!user)В·{
     98     в”‚ - в†’ в†’ в†’ в†’ returnВ·c.json(
     99     в”‚ - в†’ в†’ в†’ в†’ в†’ {
    100     в”‚ - в†’ в†’ в†’ в†’ в†’ в†’ error:В·{
    101     в”‚ - в†’ в†’ в†’ в†’ в†’ в†’ в†’ code:В·"UNAUTHORIZED",
    102     в”‚ - в†’ в†’ в†’ в†’ в†’ в†’ в†’ message:В·"AuthenticationВ·required",
    103     в”‚ - в†’ в†’ в†’ в†’ в†’ в†’ },
    104     в”‚ - в†’ в†’ в†’ в†’ в†’ },
    105     в”‚ - в†’ в†’ в†’ в†’ в†’ 401,
    106     в”‚ - в†’ в†’ в†’ в†’ );
    107     в”‚ - в†’ в†’ в†’ }
         94 в”‚ + в†’ returnВ·createMiddleware<{В·Variables:В·AccountPermissionVariablesВ·}>(asyncВ·(c,В·next)В·=>В·{
         95 в”‚ + в†’ в†’ constВ·userВ·=В·c.get("user");
         96 в”‚ + в†’ в†’ ifВ·(!user)В·{
         97 в”‚ + в†’ в†’ в†’ returnВ·c.json(
         98 в”‚ + в†’ в†’ в†’ в†’ {
         99 в”‚ + в†’ в†’ в†’ в†’ в†’ error:В·{
        100 в”‚ + в†’ в†’ в†’ в†’ в†’ в†’ code:В·"UNAUTHORIZED",
        101 в”‚ + в†’ в†’ в†’ в†’ в†’ в†’ message:В·"AuthenticationВ·required",
        102 в”‚ + в†’ в†’ в†’ в†’ в†’ },
        103 в”‚ + в†’ в†’ в†’ в†’ },
        104 в”‚ + в†’ в†’ в†’ в†’ 401,
        105 в”‚ + в†’ в†’ в†’ );
        106 в”‚ + в†’ в†’ }
    108 107 в”‚   
    109     в”‚ - в†’ в†’ в†’ //В·1.В·ExtractВ·accountIdВ·basedВ·onВ·sourceВ·config
    110     в”‚ - в†’ в†’ в†’ constВ·accountIdВ·=В·awaitВ·resolveAccountId(c,В·source);
    111     в”‚ - в†’ в†’ в†’ ifВ·(!accountId)В·{
    112     в”‚ - в†’ в†’ в†’ в†’ returnВ·c.json(
    113     в”‚ - в†’ в†’ в†’ в†’ в†’ {
    114     в”‚ - в†’ в†’ в†’ в†’ в†’ в†’ error:В·{
    115     в”‚ - в†’ в†’ в†’ в†’ в†’ в†’ в†’ code:В·"BAD_REQUEST",
    116     в”‚ - в†’ в†’ в†’ в†’ в†’ в†’ в†’ message:В·"AccountВ·IDВ·required",
    117     в”‚ - в†’ в†’ в†’ в†’ в†’ в†’ },
    118     в”‚ - в†’ в†’ в†’ в†’ в†’ },
    119     в”‚ - в†’ в†’ в†’ в†’ в†’ 400,
    120     в”‚ - в†’ в†’ в†’ в†’ );
    121     в”‚ - в†’ в†’ в†’ }
        108 в”‚ + в†’ в†’ //В·1.В·ExtractВ·accountIdВ·basedВ·onВ·sourceВ·config
        109 в”‚ + в†’ в†’ constВ·accountIdВ·=В·awaitВ·resolveAccountId(c,В·source);
        110 в”‚ + в†’ в†’ ifВ·(!accountId)В·{
        111 в”‚ + в†’ в†’ в†’ returnВ·c.json(
        112 в”‚ + в†’ в†’ в†’ в†’ {
        113 в”‚ + в†’ в†’ в†’ в†’ в†’ error:В·{
        114 в”‚ + в†’ в†’ в†’ в†’ в†’ в†’ code:В·"BAD_REQUEST",
        115 в”‚ + в†’ в†’ в†’ в†’ в†’ в†’ message:В·"AccountВ·IDВ·required",
        116 в”‚ + в†’ в†’ в†’ в†’ в†’ },
        117 в”‚ + в†’ в†’ в†’ в†’ },
        118 в”‚ + в†’ в†’ в†’ в†’ 400,
        119 в”‚ + в†’ в†’ в†’ );
        120 в”‚ + в†’ в†’ }
    122 121 в”‚   
    123     в”‚ - в†’ в†’ в†’ //В·2.В·DetermineВ·role:В·ownerВ·orВ·shared
    124     в”‚ - в†’ в†’ в†’ constВ·roleВ·=В·awaitВ·resolveAccountRole(user.id,В·accountId);
    125     в”‚ - в†’ в†’ в†’ ifВ·(!role)В·{
    126     в”‚ - в†’ в†’ в†’ в†’ returnВ·c.json(
    127     в”‚ - в†’ в†’ в†’ в†’ в†’ {
    128     в”‚ - в†’ в†’ в†’ в†’ в†’ в†’ error:В·{
    129     в”‚ - в†’ в†’ в†’ в†’ в†’ в†’ в†’ code:В·"FORBIDDEN",
    130     в”‚ - в†’ в†’ в†’ в†’ в†’ в†’ в†’ message:В·"NoВ·accessВ·toВ·thisВ·account",
    131     в”‚ - в†’ в†’ в†’ в†’ в†’ в†’ },
    132     в”‚ - в†’ в†’ в†’ в†’ в†’ },
    133     в”‚ - в†’ в†’ в†’ в†’ в†’ 403,
    134     в”‚ - в†’ в†’ в†’ в†’ );
    135     в”‚ - в†’ в†’ в†’ }
        122 в”‚ + в†’ в†’ //В·2.В·DetermineВ·role:В·ownerВ·orВ·shared
        123 в”‚ + в†’ в†’ constВ·roleВ·=В·awaitВ·resolveAccountRole(user.id,В·accountId);
        124 в”‚ + в†’ в†’ ifВ·(!role)В·{
        125 в”‚ + в†’ в†’ в†’ returnВ·c.json(
        126 в”‚ + в†’ в†’ в†’ в†’ {
        127 в”‚ + в†’ в†’ в†’ в†’ в†’ error:В·{
        128 в”‚ + в†’ в†’ в†’ в†’ в†’ в†’ code:В·"FORBIDDEN",
        129 в”‚ + в†’ в†’ в†’ в†’ в†’ в†’ message:В·"NoВ·accessВ·toВ·thisВ·account",
        130 в”‚ + в†’ в†’ в†’ в†’ в†’ },
        131 в”‚ + в†’ в†’ в†’ в†’ },
        132 в”‚ + в†’ в†’ в†’ в†’ 403,
        133 в”‚ + в†’ в†’ в†’ );
        134 в”‚ + в†’ в†’ }
    136 135 в”‚   
    137     в”‚ - в†’ в†’ в†’ //В·3.В·CheckВ·permission
    138     в”‚ - в†’ в†’ в†’ ifВ·(!accountRoleHasPermission(role,В·permission))В·{
    139     в”‚ - в†’ в†’ в†’ в†’ returnВ·c.json(
    140     в”‚ - в†’ в†’ в†’ в†’ в†’ {
    141     в”‚ - в†’ в†’ в†’ в†’ в†’ в†’ error:В·{
    142     в”‚ - в†’ в†’ в†’ в†’ в†’ в†’ в†’ code:В·"FORBIDDEN",
    143     в”‚ - в†’ в†’ в†’ в†’ в†’ в†’ в†’ message:В·"InsufficientВ·permissions",
    144     в”‚ - в†’ в†’ в†’ в†’ в†’ в†’ },
    145     в”‚ - в†’ в†’ в†’ в†’ в†’ },
    146     в”‚ - в†’ в†’ в†’ в†’ в†’ 403,
    147     в”‚ - в†’ в†’ в†’ в†’ );
    148     в”‚ - в†’ в†’ в†’ }
        136 в”‚ + в†’ в†’ //В·3.В·CheckВ·permission
        137 в”‚ + в†’ в†’ ifВ·(!accountRoleHasPermission(role,В·permission))В·{
        138 в”‚ + в†’ в†’ в†’ returnВ·c.json(
        139 в”‚ + в†’ в†’ в†’ в†’ {
        140 в”‚ + в†’ в†’ в†’ в†’ в†’ error:В·{
        141 в”‚ + в†’ в†’ в†’ в†’ в†’ в†’ code:В·"FORBIDDEN",
        142 в”‚ + в†’ в†’ в†’ в†’ в†’ в†’ message:В·"InsufficientВ·permissions",
        143 в”‚ + в†’ в†’ в†’ в†’ в†’ },
        144 в”‚ + в†’ в†’ в†’ в†’ },
        145 в”‚ + в†’ в†’ в†’ в†’ 403,
        146 в”‚ + в†’ в†’ в†’ );
        147 в”‚ + в†’ в†’ }
    149 148 в”‚   
    150     в”‚ - в†’ в†’ в†’ //В·4.В·SetВ·contextВ·forВ·downstreamВ·handlers
    151     в”‚ - в†’ в†’ в†’ c.set("accountId",В·accountId);
    152     в”‚ - в†’ в†’ в†’ c.set("accountRole",В·role);
        149 в”‚ + в†’ в†’ //В·4.В·SetВ·contextВ·forВ·downstreamВ·handlers
        150 в”‚ + в†’ в†’ c.set("accountId",В·accountId);
        151 в”‚ + в†’ в†’ c.set("accountRole",В·role);
    153 152 в”‚   
    154     в”‚ - в†’ в†’ в†’ awaitВ·next();
    155     в”‚ - в†’ в†’ },
    156     в”‚ - в†’ );
        153 в”‚ + в†’ в†’ awaitВ·next();
        154 в”‚ + в†’ });
    157 155 в”‚   }
    158 156 в”‚   
    В·В·В·В·В·В·В· в”‚ 
    168 166 в”‚    * the parent `account_id` column.
    169 167 в”‚    */
    170     в”‚ - asyncВ·functionВ·resolveAccountId(
    171     в”‚ - в†’ c:В·Context,
    172     в”‚ - в†’ source:В·AccountIdSource,
    173     в”‚ - ):В·Promise<stringВ·|В·null>В·{
        168 в”‚ + asyncВ·functionВ·resolveAccountId(c:В·Context,В·source:В·AccountIdSource):В·Promise<stringВ·|В·null>В·{
    174 169 в”‚   	switch (source.from) {
    175 170 в”‚   		case "param":
  

Skipped 1 suggested fixes.
If you wish to apply the suggested (unsafe) fixes, use the command biome check --fix --unsafe

Checked 20 files in 27ms. No fixes applied.
Found 6 errors.
check в”Ѓв”Ѓв”Ѓв”Ѓв”Ѓв”Ѓв”Ѓв”Ѓв”Ѓв”Ѓв”Ѓв”Ѓв”Ѓв”Ѓв”Ѓв”Ѓв”Ѓв”Ѓв”Ѓв”Ѓв”Ѓв”Ѓв”Ѓв”Ѓв”Ѓв”Ѓв”Ѓв”Ѓв”Ѓв”Ѓв”Ѓв”Ѓв”Ѓв”Ѓв”Ѓв”Ѓв”Ѓв”Ѓв”Ѓв”Ѓв”Ѓв”Ѓв”Ѓв”Ѓв”Ѓв”Ѓв”Ѓв”Ѓв”Ѓв”Ѓв”Ѓв”Ѓв”Ѓв”Ѓв”Ѓв”Ѓв”Ѓв”Ѓв”Ѓв”Ѓв”Ѓв”Ѓв”Ѓв”Ѓв”Ѓв”Ѓв”Ѓв”Ѓв”Ѓв”Ѓв”Ѓв”Ѓв”Ѓв”Ѓв”Ѓв”Ѓв”Ѓв”Ѓв”Ѓв”Ѓв”Ѓв”Ѓв”Ѓв”Ѓв”Ѓв”Ѓв”Ѓв”Ѓв”Ѓв”Ѓв”Ѓв”Ѓв”Ѓв”Ѓ

  Г— Some errors were emitted while running checks.
  

error: script "lint" exited with code 1
